<?xml version="1.0" encoding="UTF-8"?>
<testng-results skipped="0" failed="1" ignored="4" total="8" passed="3">
  <reporter-output>
  </reporter-output>
  <suite name="Automation Suite" duration-ms="112593" started-at="2019-04-25T07:27:36Z" finished-at="2019-04-25T07:29:28Z">
    <groups>
      <group name="verifyAddPageLogic">
        <method signature="AddQuestions.verifyAddPageLogic()[pri:2, instance:com.assignment.tests.AddQuestions@43275192]" name="verifyAddPageLogic" class="com.assignment.tests.AddQuestions"/>
      </group> <!-- verifyAddPageLogic -->
      <group name="AddQuestions">
        <method signature="AddQuestions.addQuestion1()[pri:3, instance:com.assignment.tests.AddQuestions@43275192]" name="addQuestion1" class="com.assignment.tests.AddQuestions"/>
        <method signature="AddQuestions.verifyAddPageLogic()[pri:2, instance:com.assignment.tests.AddQuestions@43275192]" name="verifyAddPageLogic" class="com.assignment.tests.AddQuestions"/>
        <method signature="AddQuestions.verifyEditPageTitle()[pri:1, instance:com.assignment.tests.AddQuestions@43275192]" name="verifyEditPageTitle" class="com.assignment.tests.AddQuestions"/>
        <method signature="AddQuestions.verifyEditTitle()[pri:0, instance:com.assignment.tests.AddQuestions@43275192]" name="verifyEditTitle" class="com.assignment.tests.AddQuestions"/>
      </group> <!-- AddQuestions -->
      <group name="editPageTitle">
        <method signature="AddQuestions.verifyEditPageTitle()[pri:1, instance:com.assignment.tests.AddQuestions@43275192]" name="verifyEditPageTitle" class="com.assignment.tests.AddQuestions"/>
      </group> <!-- editPageTitle -->
      <group name="addQuestion1">
        <method signature="AddQuestions.addQuestion1()[pri:3, instance:com.assignment.tests.AddQuestions@43275192]" name="addQuestion1" class="com.assignment.tests.AddQuestions"/>
      </group> <!-- addQuestion1 -->
      <group name="editTitle">
        <method signature="AddQuestions.verifyEditTitle()[pri:0, instance:com.assignment.tests.AddQuestions@43275192]" name="verifyEditTitle" class="com.assignment.tests.AddQuestions"/>
      </group> <!-- editTitle -->
    </groups>
    <test name="chrome" duration-ms="112593" started-at="2019-04-25T07:27:36Z" finished-at="2019-04-25T07:29:28Z">
      <class name="com.assignment.tests.CreateSurvey">
        <test-method status="PASS" signature="testBedSetup()[pri:0, instance:com.assignment.tests.CreateSurvey@3fde650f]" name="testBedSetup" is-config="true" duration-ms="388" started-at="2019-04-25T07:27:35Z" finished-at="2019-04-25T07:27:36Z">
          <reporter-output>
          </reporter-output>
        </test-method> <!-- testBedSetup -->
        <test-method status="PASS" signature="testBedTearDown()[pri:0, instance:com.assignment.tests.CreateSurvey@3fde650f]" name="testBedTearDown" is-config="true" duration-ms="1" started-at="2019-04-25T07:29:29Z" finished-at="2019-04-25T07:29:29Z">
          <reporter-output>
          </reporter-output>
        </test-method> <!-- testBedTearDown -->
      </class> <!-- com.assignment.tests.CreateSurvey -->
      <class name="com.assignment.tests.AddQuestions">
        <test-method status="PASS" signature="testSetupForAddingQuestions()[pri:0, instance:com.assignment.tests.AddQuestions@43275192]" name="testSetupForAddingQuestions" is-config="true" duration-ms="102458" started-at="2019-04-25T07:27:36Z" finished-at="2019-04-25T07:29:18Z">
          <reporter-output>
          </reporter-output>
        </test-method> <!-- testSetupForAddingQuestions -->
        <test-method status="FAIL" signature="verifyEditTitle()[pri:0, instance:com.assignment.tests.AddQuestions@43275192]" name="verifyEditTitle" duration-ms="4307" started-at="2019-04-25T07:29:18Z" finished-at="2019-04-25T07:29:23Z">
          <exception class="org.openqa.selenium.StaleElementReferenceException">
            <message>
              <![CDATA[stale element reference: element is not attached to the page document
  (Session info: chrome=73.0.3683.103)
  (Driver info: chromedriver=73.0.3683.20 (8e2b610813e167eee3619ac4ce6e42e3ec622017),platform=Windows NT 6.1.7601 SP1 x86_64) (WARNING: The server did not provide any stacktrace information)
Command duration or timeout: 0 milliseconds
For documentation on this error, please visit: https://www.seleniumhq.org/exceptions/stale_element_reference.html
Build info: version: '3.141.59', revision: 'e82be7d358', time: '2018-11-14T08:17:03'
System info: host: 'IB-PUNE-PC-077', ip: '192.168.2.120', os.name: 'Windows 7', os.arch: 'amd64', os.version: '6.1', java.version: '1.8.0_171'
Driver info: org.openqa.selenium.chrome.ChromeDriver
Capabilities {acceptInsecureCerts: false, acceptSslCerts: false, applicationCacheEnabled: false, browserConnectionEnabled: false, browserName: chrome, chrome: {chromedriverVersion: 73.0.3683.20 (8e2b610813e16..., userDataDir: C:\Users\TUSHAR~1\AppData\L...}, cssSelectorsEnabled: true, databaseEnabled: false, goog:chromeOptions: {debuggerAddress: localhost:59611}, handlesAlerts: true, hasTouchScreen: false, javascriptEnabled: true, locationContextEnabled: true, mobileEmulationEnabled: false, nativeEvents: true, networkConnectionEnabled: false, pageLoadStrategy: normal, platform: XP, platformName: XP, proxy: Proxy(), rotatable: false, setWindowRect: true, strictFileInteractability: false, takesHeapSnapshot: true, takesScreenshot: true, timeouts: {implicit: 0, pageLoad: 300000, script: 30000}, unexpectedAlertBehaviour: ignore, unhandledPromptBehavior: ignore, version: 73.0.3683.103, webStorageEnabled: true}
Session ID: 234ac979dd804d39735e538f8522e6fb]]>
            </message>
            <full-stacktrace>
              <![CDATA[org.openqa.selenium.StaleElementReferenceException: stale element reference: element is not attached to the page document
  (Session info: chrome=73.0.3683.103)
  (Driver info: chromedriver=73.0.3683.20 (8e2b610813e167eee3619ac4ce6e42e3ec622017),platform=Windows NT 6.1.7601 SP1 x86_64) (WARNING: The server did not provide any stacktrace information)
Command duration or timeout: 0 milliseconds
For documentation on this error, please visit: https://www.seleniumhq.org/exceptions/stale_element_reference.html
Build info: version: '3.141.59', revision: 'e82be7d358', time: '2018-11-14T08:17:03'
System info: host: 'IB-PUNE-PC-077', ip: '192.168.2.120', os.name: 'Windows 7', os.arch: 'amd64', os.version: '6.1', java.version: '1.8.0_171'
Driver info: org.openqa.selenium.chrome.ChromeDriver
Capabilities {acceptInsecureCerts: false, acceptSslCerts: false, applicationCacheEnabled: false, browserConnectionEnabled: false, browserName: chrome, chrome: {chromedriverVersion: 73.0.3683.20 (8e2b610813e16..., userDataDir: C:\Users\TUSHAR~1\AppData\L...}, cssSelectorsEnabled: true, databaseEnabled: false, goog:chromeOptions: {debuggerAddress: localhost:59611}, handlesAlerts: true, hasTouchScreen: false, javascriptEnabled: true, locationContextEnabled: true, mobileEmulationEnabled: false, nativeEvents: true, networkConnectionEnabled: false, pageLoadStrategy: normal, platform: XP, platformName: XP, proxy: Proxy(), rotatable: false, setWindowRect: true, strictFileInteractability: false, takesHeapSnapshot: true, takesScreenshot: true, timeouts: {implicit: 0, pageLoad: 300000, script: 30000}, unexpectedAlertBehaviour: ignore, unhandledPromptBehavior: ignore, version: 73.0.3683.103, webStorageEnabled: true}
Session ID: 234ac979dd804d39735e538f8522e6fb
at sun.reflect.NativeConstructorAccessorImpl.newInstance0(Native Method)
at sun.reflect.NativeConstructorAccessorImpl.newInstance(NativeConstructorAccessorImpl.java:62)
at sun.reflect.DelegatingConstructorAccessorImpl.newInstance(DelegatingConstructorAccessorImpl.java:45)
at java.lang.reflect.Constructor.newInstance(Constructor.java:423)
at org.openqa.selenium.remote.ErrorHandler.createThrowable(ErrorHandler.java:214)
at org.openqa.selenium.remote.ErrorHandler.throwIfResponseFailed(ErrorHandler.java:166)
at org.openqa.selenium.remote.http.JsonHttpResponseCodec.reconstructValue(JsonHttpResponseCodec.java:40)
at org.openqa.selenium.remote.http.AbstractHttpResponseCodec.decode(AbstractHttpResponseCodec.java:80)
at org.openqa.selenium.remote.http.AbstractHttpResponseCodec.decode(AbstractHttpResponseCodec.java:44)
at org.openqa.selenium.remote.HttpCommandExecutor.execute(HttpCommandExecutor.java:158)
at org.openqa.selenium.remote.service.DriverCommandExecutor.execute(DriverCommandExecutor.java:83)
at org.openqa.selenium.remote.RemoteWebDriver.execute(RemoteWebDriver.java:552)
at org.openqa.selenium.remote.RemoteWebElement.execute(RemoteWebElement.java:285)
at org.openqa.selenium.remote.RemoteWebElement.click(RemoteWebElement.java:84)
at sun.reflect.NativeMethodAccessorImpl.invoke0(Native Method)
at sun.reflect.NativeMethodAccessorImpl.invoke(NativeMethodAccessorImpl.java:62)
at sun.reflect.DelegatingMethodAccessorImpl.invoke(DelegatingMethodAccessorImpl.java:43)
at java.lang.reflect.Method.invoke(Method.java:498)
at org.openqa.selenium.support.pagefactory.internal.LocatingElementHandler.invoke(LocatingElementHandler.java:51)
at com.sun.proxy.$Proxy41.click(Unknown Source)
at com.assignment.pom.SurveyOperationPage.selectCategory(SurveyOperationPage.java:100)
at com.assignment.tests.AddQuestions.verifyEditTitle(AddQuestions.java:20)
at sun.reflect.NativeMethodAccessorImpl.invoke0(Native Method)
at sun.reflect.NativeMethodAccessorImpl.invoke(NativeMethodAccessorImpl.java:62)
at sun.reflect.DelegatingMethodAccessorImpl.invoke(DelegatingMethodAccessorImpl.java:43)
at java.lang.reflect.Method.invoke(Method.java:498)
at org.testng.internal.MethodInvocationHelper.invokeMethod(MethodInvocationHelper.java:124)
at org.testng.internal.Invoker.invokeMethod(Invoker.java:583)
at org.testng.internal.Invoker.invokeTestMethod(Invoker.java:719)
at org.testng.internal.Invoker.invokeTestMethods(Invoker.java:989)
at org.testng.internal.TestMethodWorker.invokeTestMethods(TestMethodWorker.java:125)
at org.testng.internal.TestMethodWorker.run(TestMethodWorker.java:109)
at org.testng.TestRunner.privateRun(TestRunner.java:648)
at org.testng.TestRunner.run(TestRunner.java:505)
at org.testng.SuiteRunner.runTest(SuiteRunner.java:455)
at org.testng.SuiteRunner.access$000(SuiteRunner.java:40)
at org.testng.SuiteRunner$SuiteWorker.run(SuiteRunner.java:489)
at org.testng.internal.thread.ThreadUtil$1.call(ThreadUtil.java:52)
at java.util.concurrent.FutureTask.run(FutureTask.java:266)
at java.util.concurrent.ThreadPoolExecutor.runWorker(ThreadPoolExecutor.java:1149)
at java.util.concurrent.ThreadPoolExecutor$Worker.run(ThreadPoolExecutor.java:624)
at java.lang.Thread.run(Thread.java:748)
]]>
            </full-stacktrace>
          </exception> <!-- org.openqa.selenium.StaleElementReferenceException -->
          <reporter-output>
          </reporter-output>
        </test-method> <!-- verifyEditTitle -->
        <test-method status="PASS" signature="verifyEditPageTitle()[pri:1, instance:com.assignment.tests.AddQuestions@43275192]" name="verifyEditPageTitle" duration-ms="731" started-at="2019-04-25T07:29:23Z" finished-at="2019-04-25T07:29:24Z">
          <reporter-output>
          </reporter-output>
        </test-method> <!-- verifyEditPageTitle -->
        <test-method status="PASS" signature="verifyAddPageLogic()[pri:2, instance:com.assignment.tests.AddQuestions@43275192]" name="verifyAddPageLogic" duration-ms="2145" started-at="2019-04-25T07:29:24Z" finished-at="2019-04-25T07:29:26Z">
          <reporter-output>
          </reporter-output>
        </test-method> <!-- verifyAddPageLogic -->
        <test-method status="PASS" signature="addQuestion1()[pri:3, instance:com.assignment.tests.AddQuestions@43275192]" name="addQuestion1" duration-ms="2679" started-at="2019-04-25T07:29:26Z" finished-at="2019-04-25T07:29:28Z">
          <reporter-output>
          </reporter-output>
        </test-method> <!-- addQuestion1 -->
        <test-method status="PASS" signature="testTearDown()[pri:0, instance:com.assignment.tests.AddQuestions@43275192]" name="testTearDown" is-config="true" duration-ms="2" started-at="2019-04-25T07:29:28Z" finished-at="2019-04-25T07:29:28Z">
          <reporter-output>
          </reporter-output>
        </test-method> <!-- testTearDown -->
      </class> <!-- com.assignment.tests.AddQuestions -->
    </test> <!-- chrome -->
  </suite> <!-- Automation Suite -->
</testng-results>
